Thu Mar 23 17:39:50 UTC+0200 2006
J:	EA6F5E0C	628 MiB	Spaceballs_1
K:	7EE6DEDC	699 MiB	DeusEx_v1002f

Thu Mar 23 17:40:20 UTC+0200 2006
J:	EA6F5E0C	628 MiB	Spaceballs_1
K:	7EE6DEDC	699 MiB	DeusEx_v1002f

Mon Mar 27 09:43:26 UTC+0300 2006
J:	A85F7DAD	645 MiB	980728_0159
L:	7EE6DEDC	699 MiB	DeusEx_v1002f
M:	51017AD7	661 MiB	NFSUDISK2

Mon Mar 27 09:49:36 UTC+0300 2006
J:	A85F7DAD	645 MiB	980728_0159
L:	7EE6DEDC	699 MiB	DeusEx_v1002f
M:	51017AD7	661 MiB	NFSUDISK2

Mon Mar 27 09:49:56 UTC+0300 2006
J:	A85F7DAD	645 MiB	980728_0159
L:	7EE6DEDC	699 MiB	DeusEx_v1002f
M:	51017AD7	661 MiB	NFSUDISK2

Mon Mar 27 09:50:06 UTC+0300 2006
J:	A85F7DAD	645 MiB	980728_0159
L:	7EE6DEDC	699 MiB	DeusEx_v1002f
M:	51017AD7	661 MiB	NFSUDISK2

event type: error
time: Sat Apr 15 16:11:50 UTC+0300 2006
mounted cd-roms:
	H:	42608D9C	642 MiB	QTR40ENUD1
	J:	EA6F5E0C	628 MiB	Spaceballs_1
	K:	25B1DD5C	639 MiB	QTR40ENUD2
	L:	8BB66128	644 MiB	RUNAWAY_CD2
	M:	51017AD7	661 MiB	NFSUDISK2

event type: error
time: Mon Apr 17 15:37:34 UTC+0300 2006
mounted cd-roms:
	H:	42608D9C	642 MiB	QTR40ENUD1
	J:	E6F0EA3C	700 MiB	MP3_A_11
	K:	25B1DD5C	639 MiB	QTR40ENUD2
	L:	51017AD7	661 MiB	NFSUDISK2
	M:	F6433A6C	612 MiB	HALO

event type: error
time: Mon Apr 17 15:38:23 UTC+0300 2006
mounted cd-roms:
	H:	42608D9C	642 MiB	QTR40ENUD1
	J:	E6F0EA3C	700 MiB	MP3_A_11
	K:	25B1DD5C	639 MiB	QTR40ENUD2
	L:	51017AD7	661 MiB	NFSUDISK2
	M:	F6433A6C	612 MiB	HALO

event type: error
time: Mon Apr 17 15:38:53 UTC+0300 2006
mounted cd-roms:
	H:	42608D9C	642 MiB	QTR40ENUD1
	J:	E6F0EA3C	700 MiB	MP3_A_11
	K:	25B1DD5C	639 MiB	QTR40ENUD2
	L:	51017AD7	661 MiB	NFSUDISK2
	M:	F6433A6C	612 MiB	HALO

event type: error
time: Mon Apr 17 15:39:03 UTC+0300 2006
mounted cd-roms:
	H:	42608D9C	642 MiB	QTR40ENUD1
	J:	E6F0EA3C	700 MiB	MP3_A_11
	K:	25B1DD5C	639 MiB	QTR40ENUD2
	L:	51017AD7	661 MiB	NFSUDISK2
	M:	F6433A6C	612 MiB	HALO

event type: error
time: Mon Apr 17 15:39:43 UTC+0300 2006
mounted cd-roms:
	H:	42608D9C	642 MiB	QTR40ENUD1
	J:	E6F0EA3C	700 MiB	MP3_A_11
	K:	25B1DD5C	639 MiB	QTR40ENUD2
	L:	51017AD7	661 MiB	NFSUDISK2
	M:	F6433A6C	612 MiB	HALO

event type: error
time: Mon Apr 17 15:39:53 UTC+0300 2006
mounted cd-roms:
	H:	42608D9C	642 MiB	QTR40ENUD1
	J:	E6F0EA3C	700 MiB	MP3_A_11
	K:	25B1DD5C	639 MiB	QTR40ENUD2
	L:	51017AD7	661 MiB	NFSUDISK2
	M:	F6433A6C	612 MiB	HALO

event type: error
time: Mon Apr 17 15:40:23 UTC+0300 2006
mounted cd-roms:
	H:	42608D9C	642 MiB	QTR40ENUD1
	J:	E6F0EA3C	700 MiB	MP3_A_11
	K:	25B1DD5C	639 MiB	QTR40ENUD2
	L:	51017AD7	661 MiB	NFSUDISK2
	M:	F6433A6C	612 MiB	HALO

event type: error
time: Mon Apr 17 15:40:43 UTC+0300 2006
mounted cd-roms:
	H:	42608D9C	642 MiB	QTR40ENUD1
	J:	E6F0EA3C	700 MiB	MP3_A_11
	K:	25B1DD5C	639 MiB	QTR40ENUD2
	L:	51017AD7	661 MiB	NFSUDISK2
	M:	F6433A6C	612 MiB	HALO

event type: error
time: Mon Apr 17 15:41:13 UTC+0300 2006
mounted cd-roms:
	H:	42608D9C	642 MiB	QTR40ENUD1
	J:	E6F0EA3C	700 MiB	MP3_A_11
	K:	25B1DD5C	639 MiB	QTR40ENUD2
	L:	51017AD7	661 MiB	NFSUDISK2
	M:	F6433A6C	612 MiB	HALO

event type: error
time: Mon Apr 17 15:41:33 UTC+0300 2006
mounted cd-roms:
	H:	42608D9C	642 MiB	QTR40ENUD1
	J:	E6F0EA3C	700 MiB	MP3_A_11
	K:	25B1DD5C	639 MiB	QTR40ENUD2
	L:	51017AD7	661 MiB	NFSUDISK2
	M:	F6433A6C	612 MiB	HALO

event type: error
time: Mon Apr 17 15:42:00 UTC+0300 2006
mounted cd-roms:
	H:	42608D9C	642 MiB	QTR40ENUD1
	J:	E6F0EA3C	700 MiB	MP3_A_11
	K:	25B1DD5C	639 MiB	QTR40ENUD2
	L:	51017AD7	661 MiB	NFSUDISK2
	M:	F6433A6C	612 MiB	HALO

event type: warning
time: Wed Apr 19 13:43:40 UTC+0300 2006
mounted cd-roms:
	H:	42608D9C	642 MiB	QTR40ENUD1
	K:	25B1DD5C	639 MiB	QTR40ENUD2
	L:	51017AD7	661 MiB	NFSUDISK2

event type: warning
time: Wed Apr 19 15:25:37 UTC+0300 2006
mounted cd-roms:
	H:	42608D9C	642 MiB	QTR40ENUD1
	K:	25B1DD5C	639 MiB	QTR40ENUD2
	L:	51017AD7	661 MiB	NFSUDISK2

event type: warning
time: Wed Apr 19 17:06:36 UTC+0300 2006
mounted cd-roms:
	H:	42608D9C	642 MiB	QTR40ENUD1
	K:	25B1DD5C	639 MiB	QTR40ENUD2
	L:	51017AD7	661 MiB	NFSUDISK2

event type: error
time: Tue Apr 25 12:08:27 UTC+0300 2006
mounted cd-roms:
	J:	4F196C7B	638 MiB	WIN98SEENG
	L:	929FD8BD	172 MiB	CUJCDV6_004
	M:	F6433A6C	612 MiB	HALO

event type: error
time: Tue Apr 25 14:29:53 UTC+0300 2006
mounted cd-roms:
	J:	4F196C7B	638 MiB	WIN98SEENG
	L:	929FD8BD	172 MiB	CUJCDV6_004
	M:	F6433A6C	612 MiB	HALO

event type: warning
time: Sun Jun 4 16:51:35 UTC+0300 2006
mounted cd-roms:
	R:	8348204B	82 MiB	Radio_Recs
	S:	73EE1FD6	619 MiB	MP2_Play
	T:	838CF40A	164 MiB	sshock
	U:	F6433A6C	612 MiB	HALO
	V:	F6433A6C	612 MiB	HALO

event type: warning
time: Sun Jun 4 16:51:55 UTC+0300 2006
mounted cd-roms:
	R:	8348204B	82 MiB	Radio_Recs
	S:	73EE1FD6	619 MiB	MP2_Play
	T:	838CF40A	164 MiB	sshock
	U:	F6433A6C	612 MiB	HALO
	V:	F6433A6C	612 MiB	HALO

event type: warning
time: Sun Jun 4 16:52:07 UTC+0300 2006
mounted cd-roms:
	R:	8348204B	82 MiB	Radio_Recs
	S:	73EE1FD6	619 MiB	MP2_Play
	T:	838CF40A	164 MiB	sshock
	U:	F6433A6C	612 MiB	HALO
	V:	F6433A6C	612 MiB	HALO

event type: warning
time: Fri Aug 25 11:04:15 UTC+0300 2006
mounted cd-roms:
	S:	73EE1FD6	619 MiB	MP2_Play

event type: error
time: Mon Aug 28 20:52:27 UTC+0300 2006
mounted cd-roms:
	S:	F6433A6C	612 MiB	HALO
	T:	7EE6DEDC	699 MiB	DeusEx_v1002f
	U:	7EE6DEDC	699 MiB	DeusEx_v1002f
	V:	7EE6DEDC	699 MiB	DeusEx_v1002f

event type: error
time: Mon Aug 28 20:54:02 UTC+0300 2006
mounted cd-roms:
	S:	F6433A6C	612 MiB	HALO
	T:	7EE6DEDC	699 MiB	DeusEx_v1002f
	U:	7EE6DEDC	699 MiB	DeusEx_v1002f
	V:	7EE6DEDC	699 MiB	DeusEx_v1002f

event type: error
time: Mon Aug 28 20:54:32 UTC+0300 2006
mounted cd-roms:
	S:	F6433A6C	612 MiB	HALO
	T:	7EE6DEDC	699 MiB	DeusEx_v1002f
	U:	7EE6DEDC	699 MiB	DeusEx_v1002f
	V:	7EE6DEDC	699 MiB	DeusEx_v1002f

event type: error
time: Tue Aug 29 07:45:19 UTC+0300 2006
mounted cd-roms:
	R:	C30B6E5C	2643 MiB	mp3
	S:	F6433A6C	612 MiB	HALO
	T:	7EE6DEDC	699 MiB	DeusEx_v1002f
	U:	7EE6DEDC	699 MiB	DeusEx_v1002f
	V:	7EE6DEDC	699 MiB	DeusEx_v1002f

event type: error
time: Fri Nov 3 20:47:08 UTC+0200 2006
mounted cd-roms:
	Q:	893EBA9B	263 MiB	HALF_LIFE
	R:	A3B72B48	735 MiB	Matrix_1
	T:	F6433A6C	612 MiB	HALO
	U:	DA3CCD87	590 MiB	VSP600ENU1
	V:	C11B267F	3325 MiB	zz2

event type: warning
time: Fri Jan 5 10:47:57 UTC+0200 2007
mounted cd-roms:
	Q:	893EBA9B	263 MiB	HALF_LIFE
	U:	A819D601	3465 MiB	zz1
	V:	C11B267F	3325 MiB	zz2

event type: warning
time: Fri Jan 5 11:45:22 UTC+0200 2007
mounted cd-roms:
	Q:	893EBA9B	263 MiB	HALF_LIFE
	U:	A819D601	3465 MiB	zz1
	V:	C11B267F	3325 MiB	zz2

event type: warning
time: Fri Jan 5 21:39:13 UTC+0200 2007
mounted cd-roms:
	Q:	893EBA9B	263 MiB	HALF_LIFE
	U:	A819D601	3465 MiB	zz1
	V:	C11B267F	3325 MiB	zz2

event type: error
time: Fri Jan 5 23:49:55 UTC+0200 2007
mounted cd-roms:
	Q:	893EBA9B	263 MiB	HALF_LIFE
	R:	CA4CAA20	702 MiB	music+
	U:	A819D601	3465 MiB	zz1
	V:	C11B267F	3325 MiB	zz2

event type: error
time: Fri Jan 5 23:51:54 UTC+0200 2007
mounted cd-roms:
	Q:	893EBA9B	263 MiB	HALF_LIFE
	R:	CA4CAA20	702 MiB	music+
	U:	A819D601	3465 MiB	zz1
	V:	C11B267F	3325 MiB	zz2

event type: error
time: Fri Jan 5 23:54:56 UTC+0200 2007
mounted cd-roms:
	R:	CA4CAA20	702 MiB	music+

event type: error
time: Fri Jan 5 23:56:26 UTC+0200 2007
mounted cd-roms:
	R:	CA4CAA20	702 MiB	music+

event type: error
time: Sat Jan 6 00:08:54 UTC+0200 2007
mounted cd-roms:
	R:	CA801F25	698 MiB	pcmn

event type: error
time: Sat Jan 6 00:09:03 UTC+0200 2007
mounted cd-roms:
	R:	CA801F25	698 MiB	pcmn

event type: error
time: Sat Jan 6 00:09:32 UTC+0200 2007
mounted cd-roms:
	R:	CA801F25	698 MiB	pcmn

event type: error
time: Sat Jan 6 09:52:20 UTC+0200 2007
mounted cd-roms:
	Q:	F6433A6C	612 MiB	HALO
	R:	B145B1F7	701 MiB	music

event type: error
time: Sat Jan 6 09:52:29 UTC+0200 2007
mounted cd-roms:
	Q:	F6433A6C	612 MiB	HALO
	R:	B145B1F7	701 MiB	music

event type: error
time: Sat Jan 6 09:52:39 UTC+0200 2007
mounted cd-roms:
	Q:	F6433A6C	612 MiB	HALO
	R:	B145B1F7	701 MiB	music

event type: error
time: Sat Jan 6 10:29:29 UTC+0200 2007
mounted cd-roms:
	Q:	F6433A6C	612 MiB	HALO
	R:	CBF4EE31	693 MiB	1ïò Ëü÷ïò

event type: error
time: Sat Jan 6 10:31:38 UTC+0200 2007
mounted cd-roms:
	Q:	F6433A6C	612 MiB	HALO
	R:	CBF4EE31	693 MiB	1ïò Ëü÷ïò

event type: error
time: Sat Jan 6 11:53:31 UTC+0200 2007
mounted cd-roms:
	Q:	F6433A6C	612 MiB	HALO
	R:	C760584F	699 MiB	stuff

event type: error
time: Sat Jan 6 11:59:36 UTC+0200 2007
mounted cd-roms:
	Q:	F6433A6C	612 MiB	HALO
	R:	C760584F	699 MiB	stuff

event type: error
time: Sat Jan 6 12:29:31 UTC+0200 2007
mounted cd-roms:
	Q:	F6433A6C	612 MiB	HALO
	R:	B4607DB2	703 MiB	stuff

event type: error
time: Sat Jan 6 12:30:50 UTC+0200 2007
mounted cd-roms:
	Q:	F6433A6C	612 MiB	HALO
	R:	B4607DB2	703 MiB	stuff

event type: error
time: Sat Jan 6 12:35:03 UTC+0200 2007
mounted cd-roms:
	Q:	F6433A6C	612 MiB	HALO
	R:	CA801F25	698 MiB	pcmn

event type: error
time: Sat Jan 6 12:35:13 UTC+0200 2007
mounted cd-roms:
	Q:	F6433A6C	612 MiB	HALO
	R:	CA801F25	698 MiB	pcmn

event type: error
time: Sat Jan 6 12:35:56 UTC+0200 2007
mounted cd-roms:
	Q:	F6433A6C	612 MiB	HALO
	R:	CA801F25	698 MiB	pcmn

event type: error
time: Sat Jan 6 12:36:26 UTC+0200 2007
mounted cd-roms:
	Q:	F6433A6C	612 MiB	HALO
	R:	CA801F25	698 MiB	pcmn

event type: error
time: Sat Jan 6 12:36:36 UTC+0200 2007
mounted cd-roms:
	Q:	F6433A6C	612 MiB	HALO
	R:	CA801F25	698 MiB	pcmn

event type: error
time: Sat Jan 6 12:36:46 UTC+0200 2007
mounted cd-roms:
	Q:	F6433A6C	612 MiB	HALO
	R:	CA801F25	698 MiB	pcmn

event type: error
time: Sat Jan 6 12:37:16 UTC+0200 2007
mounted cd-roms:
	Q:	F6433A6C	612 MiB	HALO
	R:	CA801F25	698 MiB	pcmn

event type: error
time: Sat Jan 6 12:38:07 UTC+0200 2007
mounted cd-roms:
	Q:	F6433A6C	612 MiB	HALO
	R:	CA801F25	698 MiB	pcmn

event type: error
time: Sat Jan 6 12:38:27 UTC+0200 2007
mounted cd-roms:
	Q:	F6433A6C	612 MiB	HALO
	R:	CA801F25	698 MiB	pcmn

event type: error
time: Sat Jan 6 12:38:37 UTC+0200 2007
mounted cd-roms:
	Q:	F6433A6C	612 MiB	HALO
	R:	CA801F25	698 MiB	pcmn

event type: error
time: Sat Jan 6 12:42:11 UTC+0200 2007
mounted cd-roms:
	Q:	F6433A6C	612 MiB	HALO
	R:	CA801F25	698 MiB	pcmn

event type: error
time: Sat Jan 6 12:43:31 UTC+0200 2007
mounted cd-roms:
	Q:	F6433A6C	612 MiB	HALO
	R:	CA801F25	698 MiB	pcmn

event type: error
time: Sat Jan 6 12:43:51 UTC+0200 2007
mounted cd-roms:
	Q:	F6433A6C	612 MiB	HALO
	R:	CA801F25	698 MiB	pcmn

event type: error
time: Sat Jan 6 12:44:34 UTC+0200 2007
mounted cd-roms:
	Q:	F6433A6C	612 MiB	HALO
	R:	CA801F25	698 MiB	pcmn

event type: error
time: Sat Jan 6 12:44:54 UTC+0200 2007
mounted cd-roms:
	Q:	F6433A6C	612 MiB	HALO
	R:	CA801F25	698 MiB	pcmn

event type: error
time: Sat Jan 6 12:46:31 UTC+0200 2007
mounted cd-roms:
	Q:	F6433A6C	612 MiB	HALO
	R:	CA801F25	698 MiB	pcmn

event type: error
time: Sat Jan 6 12:46:41 UTC+0200 2007
mounted cd-roms:
	Q:	F6433A6C	612 MiB	HALO
	R:	CA801F25	698 MiB	pcmn

event type: error
time: Sat Jan 6 12:46:51 UTC+0200 2007
mounted cd-roms:
	Q:	F6433A6C	612 MiB	HALO
	R:	CA801F25	698 MiB	pcmn

event type: error
time: Sat Jan 6 12:47:11 UTC+0200 2007
mounted cd-roms:
	Q:	F6433A6C	612 MiB	HALO
	R:	CA801F25	698 MiB	pcmn

event type: error
time: Sat Jan 6 12:47:21 UTC+0200 2007
mounted cd-roms:
	Q:	F6433A6C	612 MiB	HALO
	R:	CA801F25	698 MiB	pcmn

event type: error
time: Sat Jan 6 12:47:55 UTC+0200 2007
mounted cd-roms:
	Q:	F6433A6C	612 MiB	HALO
	R:	CA801F25	698 MiB	pcmn

event type: error
time: Sat Jan 6 12:48:05 UTC+0200 2007
mounted cd-roms:
	Q:	F6433A6C	612 MiB	HALO
	R:	CA801F25	698 MiB	pcmn

event type: error
time: Sat Jan 6 12:48:45 UTC+0200 2007
mounted cd-roms:
	Q:	F6433A6C	612 MiB	HALO
	R:	CA801F25	698 MiB	pcmn

event type: error
time: Sat Jan 6 12:48:55 UTC+0200 2007
mounted cd-roms:
	Q:	F6433A6C	612 MiB	HALO
	R:	CA801F25	698 MiB	pcmn

event type: error
time: Sat Jan 6 12:49:26 UTC+0200 2007
mounted cd-roms:
	Q:	F6433A6C	612 MiB	HALO
	R:	CA801F25	698 MiB	pcmn

event type: error
time: Sat Jan 6 12:50:46 UTC+0200 2007
mounted cd-roms:
	Q:	F6433A6C	612 MiB	HALO
	R:	CA801F25	698 MiB	pcmn

event type: error
time: Sat Jan 6 12:50:59 UTC+0200 2007
mounted cd-roms:
	Q:	F6433A6C	612 MiB	HALO
	R:	CA801F25	698 MiB	pcmn

event type: error
time: Sat Jan 6 12:51:39 UTC+0200 2007
mounted cd-roms:
	Q:	F6433A6C	612 MiB	HALO
	R:	CA801F25	698 MiB	pcmn

event type: error
time: Sat Jan 6 12:51:49 UTC+0200 2007
mounted cd-roms:
	Q:	F6433A6C	612 MiB	HALO
	R:	CA801F25	698 MiB	pcmn

event type: error
time: Sat Jan 6 12:52:09 UTC+0200 2007
mounted cd-roms:
	Q:	F6433A6C	612 MiB	HALO
	R:	CA801F25	698 MiB	pcmn

event type: error
time: Sat Jan 6 12:52:19 UTC+0200 2007
mounted cd-roms:
	Q:	F6433A6C	612 MiB	HALO
	R:	CA801F25	698 MiB	pcmn

event type: error
time: Sat Jan 6 12:52:29 UTC+0200 2007
mounted cd-roms:
	Q:	F6433A6C	612 MiB	HALO
	R:	CA801F25	698 MiB	pcmn

event type: error
time: Sat Jan 6 12:53:52 UTC+0200 2007
mounted cd-roms:
	Q:	F6433A6C	612 MiB	HALO
	R:	CA801F25	698 MiB	pcmn

event type: error
time: Sat Jan 6 12:55:02 UTC+0200 2007
mounted cd-roms:
	Q:	F6433A6C	612 MiB	HALO
	R:	CA801F25	698 MiB	pcmn

event type: error
time: Sat Jan 6 12:55:26 UTC+0200 2007
mounted cd-roms:
	Q:	F6433A6C	612 MiB	HALO
	R:	CA801F25	698 MiB	pcmn

event type: error
time: Sat Jan 6 12:55:56 UTC+0200 2007
mounted cd-roms:
	Q:	F6433A6C	612 MiB	HALO
	R:	CA801F25	698 MiB	pcmn

event type: error
time: Sat Jan 6 12:56:26 UTC+0200 2007
mounted cd-roms:
	Q:	F6433A6C	612 MiB	HALO
	R:	CA801F25	698 MiB	pcmn

event type: error
time: Sat Jan 6 12:57:06 UTC+0200 2007
mounted cd-roms:
	Q:	F6433A6C	612 MiB	HALO
	R:	CA801F25	698 MiB	pcmn

event type: error
time: Sat Jan 6 12:57:36 UTC+0200 2007
mounted cd-roms:
	Q:	F6433A6C	612 MiB	HALO
	R:	CA801F25	698 MiB	pcmn

event type: error
time: Sat Jan 6 12:58:36 UTC+0200 2007
mounted cd-roms:
	Q:	F6433A6C	612 MiB	HALO
	R:	CA801F25	698 MiB	pcmn

event type: error
time: Sat Jan 6 12:58:46 UTC+0200 2007
mounted cd-roms:
	Q:	F6433A6C	612 MiB	HALO
	R:	CA801F25	698 MiB	pcmn

event type: error
time: Sat Jan 6 13:02:05 UTC+0200 2007
mounted cd-roms:
	Q:	F6433A6C	612 MiB	HALO
	R:	CA801F25	698 MiB	pcmn

event type: error
time: Sat Jan 6 13:02:55 UTC+0200 2007
mounted cd-roms:
	Q:	F6433A6C	612 MiB	HALO
	R:	CA801F25	698 MiB	pcmn

event type: error
time: Sat Jan 6 13:03:25 UTC+0200 2007
mounted cd-roms:
	Q:	F6433A6C	612 MiB	HALO
	R:	CA801F25	698 MiB	pcmn

event type: error
time: Sat Jan 6 13:03:35 UTC+0200 2007
mounted cd-roms:
	Q:	F6433A6C	612 MiB	HALO
	R:	CA801F25	698 MiB	pcmn

event type: error
time: Sat Jan 6 13:03:45 UTC+0200 2007
mounted cd-roms:
	Q:	F6433A6C	612 MiB	HALO
	R:	CA801F25	698 MiB	pcmn

event type: error
time: Sat Jan 6 13:04:35 UTC+0200 2007
mounted cd-roms:
	Q:	F6433A6C	612 MiB	HALO
	R:	CA801F25	698 MiB	pcmn

event type: error
time: Sat Jan 6 13:05:15 UTC+0200 2007
mounted cd-roms:
	Q:	F6433A6C	612 MiB	HALO
	R:	CA801F25	698 MiB	pcmn

event type: error
time: Sat Jan 6 13:05:55 UTC+0200 2007
mounted cd-roms:
	Q:	F6433A6C	612 MiB	HALO
	R:	CA801F25	698 MiB	pcmn

event type: error
time: Sat Jan 6 13:06:56 UTC+0200 2007
mounted cd-roms:
	Q:	F6433A6C	612 MiB	HALO
	R:	CA801F25	698 MiB	pcmn

event type: error
time: Sat Jan 6 13:07:16 UTC+0200 2007
mounted cd-roms:
	Q:	F6433A6C	612 MiB	HALO
	R:	CA801F25	698 MiB	pcmn

event type: error
time: Sat Jan 6 13:07:26 UTC+0200 2007
mounted cd-roms:
	Q:	F6433A6C	612 MiB	HALO
	R:	CA801F25	698 MiB	pcmn

event type: error
time: Sat Jan 6 13:07:53 UTC+0200 2007
mounted cd-roms:
	Q:	F6433A6C	612 MiB	HALO
	R:	CA801F25	698 MiB	pcmn

event type: error
time: Sat Jan 6 13:08:13 UTC+0200 2007
mounted cd-roms:
	Q:	F6433A6C	612 MiB	HALO
	R:	CA801F25	698 MiB	pcmn

event type: error
time: Sat Jan 6 13:08:23 UTC+0200 2007
mounted cd-roms:
	Q:	F6433A6C	612 MiB	HALO
	R:	CA801F25	698 MiB	pcmn

event type: error
time: Sat Jan 6 13:08:43 UTC+0200 2007
mounted cd-roms:
	Q:	F6433A6C	612 MiB	HALO
	R:	CA801F25	698 MiB	pcmn

event type: error
time: Sat Jan 6 13:08:56 UTC+0200 2007
mounted cd-roms:
	Q:	F6433A6C	612 MiB	HALO
	R:	CA801F25	698 MiB	pcmn

event type: error
time: Sat Jan 6 13:09:06 UTC+0200 2007
mounted cd-roms:
	Q:	F6433A6C	612 MiB	HALO
	R:	CA801F25	698 MiB	pcmn

event type: error
time: Sat Jan 6 13:09:16 UTC+0200 2007
mounted cd-roms:
	Q:	F6433A6C	612 MiB	HALO
	R:	CA801F25	698 MiB	pcmn

event type: error
time: Sat Jan 6 13:09:26 UTC+0200 2007
mounted cd-roms:
	Q:	F6433A6C	612 MiB	HALO
	R:	CA801F25	698 MiB	pcmn

event type: error
time: Sat Jan 6 13:09:38 UTC+0200 2007
mounted cd-roms:
	Q:	F6433A6C	612 MiB	HALO
	R:	CA801F25	698 MiB	pcmn

event type: error
time: Sat Jan 6 13:10:08 UTC+0200 2007
mounted cd-roms:
	Q:	F6433A6C	612 MiB	HALO
	R:	CA801F25	698 MiB	pcmn

event type: error
time: Sat Jan 6 13:10:26 UTC+0200 2007
mounted cd-roms:
	Q:	F6433A6C	612 MiB	HALO
	R:	CA801F25	698 MiB	pcmn

event type: error
time: Sat Jan 6 13:10:36 UTC+0200 2007
mounted cd-roms:
	Q:	F6433A6C	612 MiB	HALO
	R:	CA801F25	698 MiB	pcmn

event type: error
time: Sat Jan 6 13:10:49 UTC+0200 2007
mounted cd-roms:
	Q:	F6433A6C	612 MiB	HALO
	R:	CA801F25	698 MiB	pcmn

event type: error
time: Sat Jan 6 13:10:59 UTC+0200 2007
mounted cd-roms:
	Q:	F6433A6C	612 MiB	HALO
	R:	CA801F25	698 MiB	pcmn

event type: error
time: Sat Jan 6 13:11:29 UTC+0200 2007
mounted cd-roms:
	Q:	F6433A6C	612 MiB	HALO
	R:	CA801F25	698 MiB	pcmn

event type: error
time: Sat Jan 6 13:12:58 UTC+0200 2007
mounted cd-roms:
	Q:	F6433A6C	612 MiB	HALO
	R:	CA801F25	698 MiB	pcmn

event type: error
time: Sat Jan 6 13:13:08 UTC+0200 2007
mounted cd-roms:
	Q:	F6433A6C	612 MiB	HALO
	R:	CA801F25	698 MiB	pcmn

event type: error
time: Sat Jan 6 13:13:28 UTC+0200 2007
mounted cd-roms:
	Q:	F6433A6C	612 MiB	HALO
	R:	CA801F25	698 MiB	pcmn

event type: error
time: Sat Jan 6 13:13:38 UTC+0200 2007
mounted cd-roms:
	Q:	F6433A6C	612 MiB	HALO
	R:	CA801F25	698 MiB	pcmn

event type: error
time: Sat Jan 6 13:13:48 UTC+0200 2007
mounted cd-roms:
	Q:	F6433A6C	612 MiB	HALO
	R:	CA801F25	698 MiB	pcmn

event type: error
time: Sat Jan 6 13:14:20 UTC+0200 2007
mounted cd-roms:
	Q:	F6433A6C	612 MiB	HALO
	R:	CA801F25	698 MiB	pcmn

event type: error
time: Sat Jan 6 13:14:40 UTC+0200 2007
mounted cd-roms:
	Q:	F6433A6C	612 MiB	HALO
	R:	CA801F25	698 MiB	pcmn

event type: error
time: Sat Jan 6 13:14:50 UTC+0200 2007
mounted cd-roms:
	Q:	F6433A6C	612 MiB	HALO
	R:	CA801F25	698 MiB	pcmn

event type: error
time: Sat Jan 6 13:15:20 UTC+0200 2007
mounted cd-roms:
	Q:	F6433A6C	612 MiB	HALO

event type: warning
time: Tue Jan 9 11:10:14 UTC+0200 2007
mounted cd-roms:
	Q:	F6433A6C	612 MiB	HALO

event type: error
time: Thu Jan 11 12:46:46 UTC+0200 2007
mounted cd-roms:
	Q:	F6433A6C	612 MiB	HALO
	R:	9473054E	2802 MiB	EF
	T:	838CF40A	164 MiB	sshock

event type: error
time: Thu Jan 11 23:00:59 UTC+0200 2007
mounted cd-roms:
	Q:	F6433A6C	612 MiB	HALO
	R:	9473054E	2802 MiB	EF

event type: warning
time: Fri Jan 12 19:00:52 UTC+0200 2007
mounted cd-roms:
	Q:	F6433A6C	612 MiB	HALO
	R:	FE9302F0	620 MiB	041220_1939

event type: warning
time: Fri Jan 12 19:01:02 UTC+0200 2007
mounted cd-roms:
	Q:	F6433A6C	612 MiB	HALO

event type: warning
time: Fri Jan 12 19:01:12 UTC+0200 2007
mounted cd-roms:
	Q:	F6433A6C	612 MiB	HALO
	R:	3285E81C	611 MiB	041220_1925

event type: warning
time: Fri Jan 12 19:02:49 UTC+0200 2007
mounted cd-roms:
	Q:	F6433A6C	612 MiB	HALO
	R:	3285E81C	611 MiB	041220_1925

event type: warning
time: Fri Jan 12 19:02:59 UTC+0200 2007
mounted cd-roms:
	Q:	F6433A6C	612 MiB	HALO

event type: warning
time: Fri Jan 12 19:05:23 UTC+0200 2007
mounted cd-roms:
	Q:	F6433A6C	612 MiB	HALO
	R:	D53398C4	571 MiB	041220_1952

event type: warning
time: Fri Jan 12 19:05:33 UTC+0200 2007
mounted cd-roms:
	Q:	F6433A6C	612 MiB	HALO

event type: warning
time: Fri Jan 12 19:05:43 UTC+0200 2007
mounted cd-roms:
	Q:	F6433A6C	612 MiB	HALO
	R:	B7E247A3	537 MiB	041220_2004

event type: warning
time: Fri Jan 12 19:07:50 UTC+0200 2007
mounted cd-roms:
	Q:	F6433A6C	612 MiB	HALO
	R:	B7E247A3	537 MiB	041220_2004

event type: warning
time: Fri Jan 12 19:08:00 UTC+0200 2007
mounted cd-roms:
	Q:	F6433A6C	612 MiB	HALO

event type: warning
time: Sat Jan 13 14:06:34 UTC+0200 2007
mounted cd-roms:
	F:	F6433A6C	612 MiB	HALO
	H:	42608D9C	642 MiB	QTR40ENUD1
	I:	25B1DD5C	639 MiB	QTR40ENUD2
	R:	CA801F25	698 MiB	pcmn

event type: warning
time: Sun Jan 14 10:02:26 UTC+0200 2007
mounted cd-roms:
	F:	F6433A6C	612 MiB	HALO
	H:	42608D9C	642 MiB	QTR40ENUD1
	I:	25B1DD5C	639 MiB	QTR40ENUD2
	R:	CA801F25	698 MiB	pcmn

event type: warning
time: Sun Jan 14 10:02:36 UTC+0200 2007
mounted cd-roms:
	F:	F6433A6C	612 MiB	HALO
	H:	42608D9C	642 MiB	QTR40ENUD1
	I:	25B1DD5C	639 MiB	QTR40ENUD2
	R:	CA801F25	698 MiB	pcmn

event type: warning
time: Sat Jan 20 11:18:03 UTC+0200 2007
mounted cd-roms:

event type: warning
time: Sat Jan 20 12:22:01 UTC+0200 2007
mounted cd-roms:

event type: warning
time: Mon Jan 22 09:56:50 UTC+0200 2007
mounted cd-roms:
	F:	F6433A6C	612 MiB	HALO
	H:	42608D9C	642 MiB	QTR40ENUD1
	I:	25B1DD5C	639 MiB	QTR40ENUD2

event type: warning
time: Mon Jan 22 09:56:58 UTC+0200 2007
mounted cd-roms:
	F:	F6433A6C	612 MiB	HALO
	H:	42608D9C	642 MiB	QTR40ENUD1
	I:	25B1DD5C	639 MiB	QTR40ENUD2

event type: warning
time: Tue Jan 23 15:59:19 UTC+0200 2007
mounted cd-roms:
	F:	F6433A6C	612 MiB	HALO
	H:	42608D9C	642 MiB	QTR40ENUD1
	I:	25B1DD5C	639 MiB	QTR40ENUD2
	R:	5B637542	4057 MiB	NFSCARBON

event type: warning
time: Fri Jan 26 11:06:58 UTC+0200 2007
mounted cd-roms:
	F:	A819D601	3465 MiB	zz1
	G:	C11B267F	3325 MiB	zz2

event type: warning
time: Fri Jan 26 11:07:07 UTC+0200 2007
mounted cd-roms:
	F:	A819D601	3465 MiB	zz1
	G:	C11B267F	3325 MiB	zz2

event type: warning
time: Fri Jan 26 11:09:50 UTC+0200 2007
mounted cd-roms:
	F:	A819D601	3465 MiB	zz1
	G:	C11B267F	3325 MiB	zz2

event type: warning
time: Fri Jan 26 11:09:58 UTC+0200 2007
mounted cd-roms:
	F:	A819D601	3465 MiB	zz1
	G:	C11B267F	3325 MiB	zz2

event type: error
time: Wed Jan 31 10:59:09 UTC+0200 2007
mounted cd-roms:
	F:	7EE6DEDC	699 MiB	DeusEx_v1002f
	R:	B50C88EA	4477 MiB	zz-movies 1

event type: error
time: Sat Feb 3 16:20:54 UTC+0200 2007
mounted cd-roms:
	F:	7EE6DEDC	699 MiB	DeusEx_v1002f
	R:	E888A0F9	4329 MiB	MS & Borl dev

event type: warning
time: Mon Feb 5 15:19:20 UTC+0200 2007
mounted cd-roms:
	F:	7EE6DEDC	699 MiB	DeusEx_v1002f

event type: warning
time: Mon Feb 5 15:27:56 UTC+0200 2007
mounted cd-roms:
	F:	7EE6DEDC	699 MiB	DeusEx_v1002f

event type: warning
time: Sun Feb 11 12:47:07 UTC+0200 2007
mounted cd-roms:
	F:	F6433A6C	612 MiB	HALO

event type: warning
time: Wed Feb 14 11:15:13 UTC+0200 2007
mounted cd-roms:
	F:	7EE6DEDC	699 MiB	DeusEx_v1002f

event type: warning
time: Sat Mar 10 23:30:38 UTC+0200 2007
mounted cd-roms:

event type: warning
time: Sat Mar 10 23:30:47 UTC+0200 2007
mounted cd-roms:
	R:	76859E65	4351 MiB	pcwDVD26

event type: warning
time: Wed May 9 12:14:51 UTC+0300 2007
mounted cd-roms:

event type: warning
time: Wed May 9 12:15:01 UTC+0300 2007
mounted cd-roms:

event type: warning
time: Wed May 9 12:15:10 UTC+0300 2007
mounted cd-roms:

event type: warning
time: Thu May 17 12:00:56 UTC+0300 2007
mounted cd-roms:
	F:	DF686D5A	4036 MiB	comix + emu
	R:	D447CCBA	289 MiB	EF stuff

event type: warning
time: Thu May 17 12:01:06 UTC+0300 2007
mounted cd-roms:
	F:	DF686D5A	4036 MiB	comix + emu
	R:	D447CCBA	289 MiB	EF stuff

event type: warning
time: Thu May 17 12:01:16 UTC+0300 2007
mounted cd-roms:
	F:	DF686D5A	4036 MiB	comix + emu
	R:	D447CCBA	289 MiB	EF stuff

event type: error
time: Thu May 17 12:13:32 UTC+0300 2007
mounted cd-roms:
	F:	DF686D5A	4036 MiB	comix + emu
	R:	2A5ACEEA	704 MiB	Rilas fun

event type: error
time: Thu May 17 12:33:43 UTC+0300 2007
mounted cd-roms:
	F:	DF686D5A	4036 MiB	comix + emu
	R:	2A5ACEEA	704 MiB	Rilas fun

event type: error
time: Thu May 17 15:50:51 UTC+0300 2007
mounted cd-roms:
	F:	DF686D5A	4036 MiB	comix + emu
	R:	2A5ACEEA	704 MiB	Rilas fun

event type: error
time: Thu May 17 17:21:46 UTC+0300 2007
mounted cd-roms:
	F:	DF686D5A	4036 MiB	comix + emu
	R:	2A5ACEEA	704 MiB	Rilas fun

event type: error
time: Thu May 17 17:21:55 UTC+0300 2007
mounted cd-roms:
	F:	DF686D5A	4036 MiB	comix + emu
	R:	2A5ACEEA	704 MiB	Rilas fun

event type: error
time: Fri May 18 19:03:13 UTC+0300 2007
mounted cd-roms:
	R:	2A5ACEEA	704 MiB	Rilas fun

event type: error
time: Sat May 19 12:01:03 UTC+0300 2007
mounted cd-roms:
	R:	2A5ACEEA	704 MiB	Rilas fun

event type: warning
time: Sat May 19 13:10:35 UTC+0300 2007
mounted cd-roms:

event type: warning
time: Sat May 19 13:10:50 UTC+0300 2007
mounted cd-roms:

event type: warning
time: Sat May 19 13:11:11 UTC+0300 2007
mounted cd-roms:

event type: warning
time: Sat May 19 13:11:20 UTC+0300 2007
mounted cd-roms:

event type: error
time: Sat May 19 13:21:03 UTC+0300 2007
mounted cd-roms:
	J:	2A5ACEEA	704 MiB	Rilas fun

event type: error
time: Sat May 19 13:21:12 UTC+0300 2007
mounted cd-roms:
	J:	2A5ACEEA	704 MiB	Rilas fun

event type: error
time: Sat May 19 13:21:22 UTC+0300 2007
mounted cd-roms:
	J:	2A5ACEEA	704 MiB	Rilas fun

event type: warning
time: Sat May 19 13:25:51 UTC+0300 2007
mounted cd-roms:
	J:	2A5ACEEA	704 MiB	Rilas fun

event type: warning
time: Sat May 19 13:26:17 UTC+0300 2007
mounted cd-roms:
	J:	2A5ACEEA	704 MiB	Rilas fun

event type: warning
time: Sat May 19 13:26:27 UTC+0300 2007
mounted cd-roms:
	J:	2A5ACEEA	704 MiB	Rilas fun

event type: error
time: Sun May 20 13:51:23 UTC+0300 2007
mounted cd-roms:

event type: error
time: Sun May 20 13:51:32 UTC+0300 2007
mounted cd-roms:

event type: error
time: Sun May 20 14:29:26 UTC+0300 2007
mounted cd-roms:
	K:	2A5ACEEA	704 MiB	Rilas fun

event type: error
time: Sun May 20 14:30:01 UTC+0300 2007
mounted cd-roms:
	K:	2A5ACEEA	704 MiB	Rilas fun

event type: error
time: Thu Jun 7 14:32:41 UTC+0300 2007
mounted cd-roms:
	J:	4F196C7B	638 MiB	WIN98SEENG

event type: warning
time: Sat Jun 16 12:14:21 UTC+0300 2007
mounted cd-roms:
	F:	8EC49C52	4217 MiB	pcwDVD29
	J:	3967915A	698 MiB	Ubuntu 7.04 i386

event type: error
time: Thu Jul 26 13:32:44 UTC+0300 2007
mounted cd-roms:

event type: error
time: Thu Jul 26 13:32:54 UTC+0300 2007
mounted cd-roms:

event type: error
time: Thu Jul 26 13:33:03 UTC+0300 2007
mounted cd-roms:

event type: error
time: Thu Jul 26 13:33:13 UTC+0300 2007
mounted cd-roms:

event type: error
time: Thu Aug 30 22:55:24 UTC+0300 2007
mounted cd-roms:
	F:	D65B6383	648 MiB	NFSUG2_DISK2
	M:	77DDB817	673 MiB	Scary Movie
	N:	67FBDE39	698 MiB	ScaryMovie2
	T:	BEA6AD61	677 MiB	NFSUG2_DISK1
	U:	A819D601	3465 MiB	zz1
	V:	8EC49C52	4217 MiB	pcwDVD29

event type: warning
time: Fri Sep 7 15:40:47 UTC+0300 2007
mounted cd-roms:
	M:	5F03BA38	13 MiB	070711_1748
	V:	D65B6383	648 MiB	NFSUG2_DISK2

event type: error
time: Sat Sep 22 19:52:14 UTC+0300 2007
mounted cd-roms:
	M:	2A5ACEEA	704 MiB	Rilas fun

event type: error
time: Sat Sep 22 19:55:01 UTC+0300 2007
mounted cd-roms:
	M:	2A5ACEEA	704 MiB	Rilas fun

event type: error
time: Sat Sep 22 19:55:11 UTC+0300 2007
mounted cd-roms:
	M:	2A5ACEEA	704 MiB	Rilas fun

event type: error
time: Sat Sep 22 20:00:20 UTC+0300 2007
mounted cd-roms:
	M:	2A5ACEEA	704 MiB	Rilas fun

event type: error
time: Sat Sep 22 20:03:47 UTC+0300 2007
mounted cd-roms:
	M:	2A5ACEEA	704 MiB	Rilas fun

event type: error
time: Sat Sep 22 20:03:54 UTC+0300 2007
mounted cd-roms:
	M:	2A5ACEEA	704 MiB	Rilas fun

event type: error
time: Sat Sep 22 20:04:04 UTC+0300 2007
mounted cd-roms:
	M:	2A5ACEEA	704 MiB	Rilas fun

event type: error
time: Sat Sep 22 20:04:34 UTC+0300 2007
mounted cd-roms:
	M:	2A5ACEEA	704 MiB	Rilas fun

event type: error
time: Sat Sep 22 20:04:44 UTC+0300 2007
mounted cd-roms:
	M:	2A5ACEEA	704 MiB	Rilas fun

event type: error
time: Sat Sep 22 20:04:54 UTC+0300 2007
mounted cd-roms:
	M:	2A5ACEEA	704 MiB	Rilas fun

event type: error
time: Sat Sep 22 20:05:04 UTC+0300 2007
mounted cd-roms:
	M:	2A5ACEEA	704 MiB	Rilas fun

event type: error
time: Sat Sep 22 20:05:15 UTC+0300 2007
mounted cd-roms:
	M:	2A5ACEEA	704 MiB	Rilas fun

event type: error
time: Sat Sep 22 20:05:24 UTC+0300 2007
mounted cd-roms:
	M:	2A5ACEEA	704 MiB	Rilas fun

event type: error
time: Sat Sep 22 20:06:23 UTC+0300 2007
mounted cd-roms:
	M:	2A5ACEEA	704 MiB	Rilas fun

event type: error
time: Sat Sep 22 20:06:43 UTC+0300 2007
mounted cd-roms:
	M:	2A5ACEEA	704 MiB	Rilas fun

event type: error
time: Sat Sep 22 20:07:52 UTC+0300 2007
mounted cd-roms:
	M:	2A5ACEEA	704 MiB	Rilas fun

event type: error
time: Sat Sep 22 20:08:33 UTC+0300 2007
mounted cd-roms:
	M:	2A5ACEEA	704 MiB	Rilas fun

event type: error
time: Sat Sep 22 20:08:43 UTC+0300 2007
mounted cd-roms:
	M:	2A5ACEEA	704 MiB	Rilas fun

event type: error
time: Sat Sep 22 20:15:49 UTC+0300 2007
mounted cd-roms:
	M:	2A5ACEEA	704 MiB	Rilas fun

event type: error
time: Sat Sep 22 20:15:59 UTC+0300 2007
mounted cd-roms:
	M:	2A5ACEEA	704 MiB	Rilas fun

event type: error
time: Sat Sep 22 20:35:10 UTC+0300 2007
mounted cd-roms:
	M:	2A5ACEEA	704 MiB	Rilas fun

event type: error
time: Sat Sep 22 20:45:27 UTC+0300 2007
mounted cd-roms:
	M:	2A5ACEEA	704 MiB	Rilas fun

event type: error
time: Sat Sep 22 20:46:21 UTC+0300 2007
mounted cd-roms:
	M:	2A5ACEEA	704 MiB	Rilas fun

event type: error
time: Sat Sep 22 20:46:51 UTC+0300 2007
mounted cd-roms:
	M:	2A5ACEEA	704 MiB	Rilas fun

event type: error
time: Sat Sep 22 20:47:01 UTC+0300 2007
mounted cd-roms:
	M:	2A5ACEEA	704 MiB	Rilas fun

event type: error
time: Sat Sep 22 20:47:11 UTC+0300 2007
mounted cd-roms:
	M:	2A5ACEEA	704 MiB	Rilas fun

event type: error
time: Sat Sep 22 20:47:21 UTC+0300 2007
mounted cd-roms:
	M:	2A5ACEEA	704 MiB	Rilas fun

event type: error
time: Sat Sep 22 22:26:39 UTC+0300 2007
mounted cd-roms:
	M:	2A5ACEEA	704 MiB	Rilas fun

event type: error
time: Sat Sep 22 22:29:09 UTC+0300 2007
mounted cd-roms:
	M:	2A5ACEEA	704 MiB	Rilas fun

event type: warning
time: Sat Sep 22 22:29:53 UTC+0300 2007
mounted cd-roms:

event type: error
time: Sat Sep 22 22:30:37 UTC+0300 2007
mounted cd-roms:
	M:	2A5ACEEA	704 MiB	Rilas fun

event type: warning
time: Sat Sep 22 22:32:53 UTC+0300 2007
mounted cd-roms:

event type: error
time: Sat Sep 22 22:34:15 UTC+0300 2007
mounted cd-roms:
	M:	2A5ACEEA	704 MiB	Rilas fun

event type: warning
time: Sun Sep 23 12:16:52 UTC+0300 2007
mounted cd-roms:
	M:	3967915A	698 MiB	Ubuntu 7.04 i386

event type: warning
time: Sun Sep 23 12:17:02 UTC+0300 2007
mounted cd-roms:

event type: error
time: Sun Sep 23 18:00:48 UTC+0300 2007
mounted cd-roms:

event type: error
time: Sun Sep 23 18:00:58 UTC+0300 2007
mounted cd-roms:

event type: error
time: Mon Sep 24 21:49:29 UTC+0300 2007
mounted cd-roms:
	M:	BC16124D	4427 MiB	ef-gm-1

event type: error
time: Mon Sep 24 21:50:27 UTC+0300 2007
mounted cd-roms:
	M:	BC16124D	4427 MiB	ef-gm-1

event type: error
time: Tue Sep 25 00:19:24 UTC+0300 2007
mounted cd-roms:

event type: error
time: Tue Sep 25 00:19:34 UTC+0300 2007
mounted cd-roms:

event type: error
time: Tue Sep 25 00:19:44 UTC+0300 2007
mounted cd-roms:

event type: error
time: Tue Sep 25 00:19:54 UTC+0300 2007
mounted cd-roms:

event type: error
time: Tue Sep 25 12:33:03 UTC+0300 2007
mounted cd-roms:
	M:	B3E1738E	643 MiB	TS1

event type: warning
time: Tue Sep 25 12:51:56 UTC+0300 2007
mounted cd-roms:
	F:	8A3D4042	302 MiB	Carmageddon2

event type: warning
time: Tue Sep 25 12:52:05 UTC+0300 2007
mounted cd-roms:
	F:	8A3D4042	302 MiB	Carmageddon2

event type: warning
time: Tue Sep 25 12:52:15 UTC+0300 2007
mounted cd-roms:
	F:	8A3D4042	302 MiB	Carmageddon2

event type: warning
time: Tue Sep 25 12:52:25 UTC+0300 2007
mounted cd-roms:
	F:	8A3D4042	302 MiB	Carmageddon2

event type: error
time: Wed Sep 26 19:09:01 UTC+0300 2007
mounted cd-roms:
	M:	DC2BE6C6	4417 MiB	ef-gm-2

event type: error
time: Wed Sep 26 19:39:38 UTC+0300 2007
mounted cd-roms:
	M:	B12D3F48	4417 MiB	ef-gm-2

event type: error
time: Wed Sep 26 22:01:38 UTC+0300 2007
mounted cd-roms:

event type: error
time: Thu Sep 27 22:15:37 UTC+0300 2007
mounted cd-roms:
	M:	D635BD04	4429 MiB	ef-gm-5
	S:	C8725C3C	629 MiB	HALO

event type: error
time: Fri Sep 28 14:12:23 UTC+0300 2007
mounted cd-roms:
	N:	07292FBD	699 MiB	BIT 2 (sw & game

event type: error
time: Fri Sep 28 14:12:45 UTC+0300 2007
mounted cd-roms:
	N:	07292FBD	699 MiB	BIT 2 (sw & game

event type: warning
time: Fri Sep 28 14:13:07 UTC+0300 2007
mounted cd-roms:
	N:	07292FBD	699 MiB	BIT 2 (sw & game

event type: error
time: Fri Sep 28 14:13:15 UTC+0300 2007
mounted cd-roms:
	N:	07292FBD	699 MiB	BIT 2 (sw & game

event type: warning
time: Fri Sep 28 14:13:25 UTC+0300 2007
mounted cd-roms:
	N:	07292FBD	699 MiB	BIT 2 (sw & game

event type: warning
time: Fri Sep 28 14:13:45 UTC+0300 2007
mounted cd-roms:
	N:	07292FBD	699 MiB	BIT 2 (sw & game

event type: warning
time: Fri Sep 28 14:13:55 UTC+0300 2007
mounted cd-roms:
	N:	07292FBD	699 MiB	BIT 2 (sw & game

event type: error
time: Mon Oct 1 13:02:26 UTC+0300 2007
mounted cd-roms:
	N:	BC16124D	4427 MiB	ef-gm-1
	S:	C8725C3C	629 MiB	HALO

event type: error
time: Mon Oct 1 22:38:10 UTC+0300 2007
mounted cd-roms:
	M:	BCFE8B01	4469 MiB	ef-mags-2
	S:	C8725C3C	629 MiB	HALO

event type: error
time: Tue Oct 2 12:40:46 UTC+0300 2007
mounted cd-roms:
	M:	2A5ACEEA	704 MiB	Rilas fun
	S:	C8725C3C	629 MiB	HALO

event type: error
time: Tue Oct 2 12:48:39 UTC+0300 2007
mounted cd-roms:
	M:	2A5ACEEA	704 MiB	Rilas fun
	S:	C8725C3C	629 MiB	HALO

event type: error
time: Tue Oct 2 14:12:41 UTC+0300 2007
mounted cd-roms:
	S:	C8725C3C	629 MiB	HALO

event type: error
time: Tue Oct 2 15:16:15 UTC+0300 2007
mounted cd-roms:
	N:	01C7C6B1	680 MiB	NEW
	S:	C8725C3C	629 MiB	HALO

event type: error
time: Tue Oct 2 15:16:25 UTC+0300 2007
mounted cd-roms:
	N:	01C7C6B1	680 MiB	NEW
	S:	C8725C3C	629 MiB	HALO

event type: warning
time: Tue Oct 2 15:17:41 UTC+0300 2007
mounted cd-roms:
	S:	C8725C3C	629 MiB	HALO

event type: error
time: Tue Oct 2 15:17:50 UTC+0300 2007
mounted cd-roms:
	M:	01C7C6B1	680 MiB	NEW
	S:	C8725C3C	629 MiB	HALO

event type: warning
time: Wed Oct 3 13:50:37 UTC+0300 2007
mounted cd-roms:
	N:	FAB88F2F	544 MiB	C++
	S:	C8725C3C	629 MiB	HALO
	T:	A819D601	3465 MiB	zz1

event type: error
time: Wed Oct 3 13:50:47 UTC+0300 2007
mounted cd-roms:
	N:	FAB88F2F	544 MiB	C++
	S:	C8725C3C	629 MiB	HALO
	T:	A819D601	3465 MiB	zz1

event type: warning
time: Wed Oct 3 13:50:56 UTC+0300 2007
mounted cd-roms:
	N:	FAB88F2F	544 MiB	C++
	S:	C8725C3C	629 MiB	HALO
	T:	A819D601	3465 MiB	zz1

event type: error
time: Wed Oct 3 13:51:06 UTC+0300 2007
mounted cd-roms:
	M:	FAB88F2F	544 MiB	C++
	S:	C8725C3C	629 MiB	HALO
	T:	A819D601	3465 MiB	zz1

event type: error
time: Wed Oct 3 13:51:46 UTC+0300 2007
mounted cd-roms:
	S:	C8725C3C	629 MiB	HALO
	T:	A819D601	3465 MiB	zz1

event type: error
time: Wed Oct 3 13:51:56 UTC+0300 2007
mounted cd-roms:
	S:	C8725C3C	629 MiB	HALO
	T:	A819D601	3465 MiB	zz1

event type: error
time: Wed Oct 3 13:52:16 UTC+0300 2007
mounted cd-roms:
	S:	C8725C3C	629 MiB	HALO
	T:	A819D601	3465 MiB	zz1

event type: warning
time: Wed Oct 3 13:53:11 UTC+0300 2007
mounted cd-roms:
	N:	A85F7DAD	645 MiB	980728_0159
	S:	C8725C3C	629 MiB	HALO
	T:	A819D601	3465 MiB	zz1

event type: warning
time: Tue Oct 9 10:41:37 UTC+0300 2007
mounted cd-roms:
	S:	C8725C3C	629 MiB	HALO

event type: error
time: Tue Oct 9 17:41:38 UTC+0300 2007
mounted cd-roms:
	N:	EEEEDB9E	674 MiB	3D_Programs
	S:	C8725C3C	629 MiB	HALO

event type: warning
time: Tue Oct 9 17:42:12 UTC+0300 2007
mounted cd-roms:
	S:	C8725C3C	629 MiB	HALO

event type: warning
time: Tue Oct 9 17:42:24 UTC+0300 2007
mounted cd-roms:
	M:	EEEEDB9E	674 MiB	3D_Programs
	S:	C8725C3C	629 MiB	HALO

event type: error
time: Tue Oct 9 17:45:41 UTC+0300 2007
mounted cd-roms:
	M:	EEEEDB9E	674 MiB	3D_Programs
	S:	C8725C3C	629 MiB	HALO

event type: error
time: Tue Oct 9 17:47:38 UTC+0300 2007
mounted cd-roms:
	M:	EEEEDB9E	674 MiB	3D_Programs
	S:	C8725C3C	629 MiB	HALO

event type: warning
time: Tue Oct 9 17:48:39 UTC+0300 2007
mounted cd-roms:
	S:	C8725C3C	629 MiB	HALO

event type: error
time: Tue Oct 9 17:54:18 UTC+0300 2007
mounted cd-roms:
	N:	EEEEDB9E	674 MiB	3D_Programs
	S:	C8725C3C	629 MiB	HALO

event type: warning
time: Tue Oct 9 17:55:40 UTC+0300 2007
mounted cd-roms:
	N:	EEEEDB9E	674 MiB	3D_Programs
	S:	C8725C3C	629 MiB	HALO

event type: error
time: Tue Oct 9 17:55:45 UTC+0300 2007
mounted cd-roms:
	N:	EEEEDB9E	674 MiB	3D_Programs
	S:	C8725C3C	629 MiB	HALO

event type: warning
time: Tue Oct 9 17:55:50 UTC+0300 2007
mounted cd-roms:
	N:	EEEEDB9E	674 MiB	3D_Programs
	S:	C8725C3C	629 MiB	HALO

event type: error
time: Tue Oct 9 17:56:00 UTC+0300 2007
mounted cd-roms:
	N:	EEEEDB9E	674 MiB	3D_Programs
	S:	C8725C3C	629 MiB	HALO

event type: error
time: Tue Oct 9 17:56:46 UTC+0300 2007
mounted cd-roms:
	N:	EEEEDB9E	674 MiB	3D_Programs
	S:	C8725C3C	629 MiB	HALO

event type: error
time: Tue Oct 9 17:56:56 UTC+0300 2007
mounted cd-roms:
	N:	EEEEDB9E	674 MiB	3D_Programs
	S:	C8725C3C	629 MiB	HALO

event type: error
time: Tue Oct 9 17:57:06 UTC+0300 2007
mounted cd-roms:
	N:	EEEEDB9E	674 MiB	3D_Programs
	S:	C8725C3C	629 MiB	HALO

event type: error
time: Tue Oct 9 17:57:16 UTC+0300 2007
mounted cd-roms:
	N:	EEEEDB9E	674 MiB	3D_Programs
	S:	C8725C3C	629 MiB	HALO

event type: error
time: Tue Oct 9 17:57:42 UTC+0300 2007
mounted cd-roms:
	N:	EEEEDB9E	674 MiB	3D_Programs
	S:	C8725C3C	629 MiB	HALO

event type: error
time: Tue Oct 9 17:57:52 UTC+0300 2007
mounted cd-roms:
	N:	EEEEDB9E	674 MiB	3D_Programs
	S:	C8725C3C	629 MiB	HALO

event type: error
time: Tue Oct 9 17:58:02 UTC+0300 2007
mounted cd-roms:
	N:	EEEEDB9E	674 MiB	3D_Programs
	S:	C8725C3C	629 MiB	HALO

event type: error
time: Tue Oct 9 17:58:12 UTC+0300 2007
mounted cd-roms:
	N:	EEEEDB9E	674 MiB	3D_Programs
	S:	C8725C3C	629 MiB	HALO

event type: error
time: Tue Oct 9 17:58:22 UTC+0300 2007
mounted cd-roms:
	N:	EEEEDB9E	674 MiB	3D_Programs
	S:	C8725C3C	629 MiB	HALO

event type: warning
time: Tue Oct 9 17:58:38 UTC+0300 2007
mounted cd-roms:
	S:	C8725C3C	629 MiB	HALO

event type: error
time: Tue Oct 9 18:01:03 UTC+0300 2007
mounted cd-roms:
	M:	EEEEDB9E	674 MiB	3D_Programs
	S:	C8725C3C	629 MiB	HALO

event type: error
time: Tue Oct 9 18:01:23 UTC+0300 2007
mounted cd-roms:
	M:	EEEEDB9E	674 MiB	3D_Programs
	S:	C8725C3C	629 MiB	HALO

event type: error
time: Tue Oct 9 18:01:46 UTC+0300 2007
mounted cd-roms:
	M:	EEEEDB9E	674 MiB	3D_Programs
	S:	C8725C3C	629 MiB	HALO

event type: error
time: Tue Oct 9 18:02:33 UTC+0300 2007
mounted cd-roms:
	M:	EEEEDB9E	674 MiB	3D_Programs
	S:	C8725C3C	629 MiB	HALO

event type: error
time: Tue Oct 9 18:02:43 UTC+0300 2007
mounted cd-roms:
	M:	EEEEDB9E	674 MiB	3D_Programs
	S:	C8725C3C	629 MiB	HALO

event type: error
time: Tue Oct 9 18:03:40 UTC+0300 2007
mounted cd-roms:
	M:	EEEEDB9E	674 MiB	3D_Programs
	S:	C8725C3C	629 MiB	HALO

event type: error
time: Tue Oct 9 18:03:50 UTC+0300 2007
mounted cd-roms:
	M:	EEEEDB9E	674 MiB	3D_Programs
	S:	C8725C3C	629 MiB	HALO

event type: error
time: Tue Oct 9 18:04:00 UTC+0300 2007
mounted cd-roms:
	M:	EEEEDB9E	674 MiB	3D_Programs
	S:	C8725C3C	629 MiB	HALO

event type: error
time: Tue Oct 9 18:07:12 UTC+0300 2007
mounted cd-roms:
	M:	EEEEDB9E	674 MiB	3D_Programs
	S:	C8725C3C	629 MiB	HALO

event type: error
time: Tue Oct 9 18:07:22 UTC+0300 2007
mounted cd-roms:
	M:	EEEEDB9E	674 MiB	3D_Programs
	S:	C8725C3C	629 MiB	HALO

event type: error
time: Tue Oct 9 18:07:59 UTC+0300 2007
mounted cd-roms:
	M:	EEEEDB9E	674 MiB	3D_Programs
	S:	C8725C3C	629 MiB	HALO

event type: error
time: Tue Oct 9 18:20:10 UTC+0300 2007
mounted cd-roms:
	M:	F05060D0	203 MiB	Misc_Downloads
	S:	C8725C3C	629 MiB	HALO

event type: error
time: Tue Oct 9 19:01:19 UTC+0300 2007
mounted cd-roms:
	M:	9CAB9F08	608 MiB	CD-ROM TEE
	S:	C8725C3C	629 MiB	HALO

event type: warning
time: Tue Oct 9 21:10:48 UTC+0300 2007
mounted cd-roms:
	S:	C8725C3C	629 MiB	HALO

event type: warning
time: Tue Oct 9 21:10:58 UTC+0300 2007
mounted cd-roms:
	N:	C05ECDF3	698 MiB	Prg040527_2
	S:	C8725C3C	629 MiB	HALO

event type: warning
time: Tue Oct 9 21:47:55 UTC+0300 2007
mounted cd-roms:
	S:	C8725C3C	629 MiB	HALO

event type: error
time: Tue Oct 9 21:52:25 UTC+0300 2007
mounted cd-roms:
	M:	2A7CE85D	703 MiB	Prg040527_5
	S:	C8725C3C	629 MiB	HALO

event type: error
time: Tue Oct 9 23:32:07 UTC+0300 2007
mounted cd-roms:
	M:	2A7CE85D	703 MiB	Prg040527_5
	S:	C8725C3C	629 MiB	HALO

event type: warning
time: Thu Oct 11 11:58:33 UTC+0300 2007
mounted cd-roms:
	M:	08746F4B	309 MiB	010731_1202
	S:	C8725C3C	629 MiB	HALO

event type: error
time: Sat Oct 20 18:56:05 UTC+0300 2007
mounted cd-roms:
	M:	EA6F5E0C	628 MiB	Spaceballs_1
	S:	B90B939B	4437 MiB	zz-movies 3

event type: error
time: Sat Oct 20 18:56:35 UTC+0300 2007
mounted cd-roms:
	M:	EA6F5E0C	628 MiB	Spaceballs_1
	S:	B90B939B	4437 MiB	zz-movies 3

event type: warning
time: Tue Nov 20 21:43:21 UTC+0200 2007
mounted cd-roms:
	S:	42608D9C	642 MiB	QTR40ENUD1
	T:	25B1DD5C	639 MiB	QTR40ENUD2
	V:	929FD8BD	172 MiB	CUJCDV6_004

event type: warning
time: Tue Nov 20 21:45:46 UTC+0200 2007
mounted cd-roms:

event type: warning
time: Tue Nov 20 21:54:40 UTC+0200 2007
mounted cd-roms:
	S:	42608D9C	642 MiB	QTR40ENUD1
	T:	25B1DD5C	639 MiB	QTR40ENUD2
	V:	929FD8BD	172 MiB	CUJCDV6_004

event type: warning
time: Tue Nov 20 21:54:55 UTC+0200 2007
mounted cd-roms:
	S:	42608D9C	642 MiB	QTR40ENUD1
	T:	25B1DD5C	639 MiB	QTR40ENUD2
	V:	929FD8BD	172 MiB	CUJCDV6_004

event type: warning
time: Sun Jan 13 14:54:46 UTC+0200 2008
mounted cd-roms:

event type: warning
time: Thu Jan 17 19:00:04 UTC+0200 2008
mounted cd-roms:

event type: warning
time: Sun Jan 20 12:32:56 UTC+0200 2008
mounted cd-roms:
	S:	C8725C3C	629 MiB	HALO

event type: warning
time: Sun Jan 20 14:36:21 UTC+0200 2008
mounted cd-roms:

event type: error
time: Wed Jan 30 10:38:54 UTC+0200 2008
mounted cd-roms:
	S:	F0216780	434 MiB	Winpower

event type: error
time: Wed Jan 30 10:39:04 UTC+0200 2008
mounted cd-roms:
	S:	F0216780	434 MiB	Winpower

event type: error
time: Wed Jan 30 10:39:14 UTC+0200 2008
mounted cd-roms:
	S:	F0216780	434 MiB	Winpower

event type: error
time: Wed Jan 30 10:39:24 UTC+0200 2008
mounted cd-roms:
	S:	F0216780	434 MiB	Winpower

event type: error
time: Wed Jan 30 10:39:34 UTC+0200 2008
mounted cd-roms:
	S:	F0216780	434 MiB	Winpower

event type: error
time: Wed Jan 30 10:39:44 UTC+0200 2008
mounted cd-roms:
	S:	F0216780	434 MiB	Winpower

event type: error
time: Wed Jan 30 10:39:54 UTC+0200 2008
mounted cd-roms:
	S:	F0216780	434 MiB	Winpower

event type: error
time: Wed Jan 30 10:40:04 UTC+0200 2008
mounted cd-roms:
	S:	F0216780	434 MiB	Winpower

event type: error
time: Wed Jan 30 10:40:14 UTC+0200 2008
mounted cd-roms:
	S:	F0216780	434 MiB	Winpower

event type: warning
time: Wed Feb 6 22:36:13 UTC+0200 2008
mounted cd-roms:
	S:	F0216780	434 MiB	Winpower

event type: warning
time: Wed Feb 6 22:44:12 UTC+0200 2008
mounted cd-roms:
	S:	F0216780	434 MiB	Winpower

event type: warning
time: Wed Feb 6 22:48:49 UTC+0200 2008
mounted cd-roms:
	S:	F0216780	434 MiB	Winpower

event type: error
time: Thu Feb 7 10:56:04 UTC+0200 2008
mounted cd-roms:
	M:	E85BF89A	255 MiB	616 ÌÊÔÐ - 295

event type: error
time: Fri Feb 8 14:47:11 UTC+0200 2008
mounted cd-roms:
	M:	F8DC32D9	703 MiB	CDS_TEST_A2

event type: warning
time: Fri Feb 8 14:48:01 UTC+0200 2008
mounted cd-roms:

event type: error
time: Fri Feb 8 14:48:08 UTC+0200 2008
mounted cd-roms:

event type: error
time: Fri Feb 8 15:16:46 UTC+0200 2008
mounted cd-roms:

event type: error
time: Fri Feb 8 15:17:06 UTC+0200 2008
mounted cd-roms:

event type: warning
time: Tue Feb 12 19:11:39 UTC+0200 2008
mounted cd-roms:
	M:	DD2A2BEE	4376 MiB	Work-080210

event type: error
time: Tue Feb 12 20:27:26 UTC+0200 2008
mounted cd-roms:
	M:	CAB81592	4281 MiB	WORK-080210-c

event type: error
time: Tue Feb 12 20:29:38 UTC+0200 2008
mounted cd-roms:
	M:	CAB81592	4281 MiB	WORK-080210-c

event type: error
time: Tue Feb 12 20:29:48 UTC+0200 2008
mounted cd-roms:
	M:	CAB81592	4281 MiB	WORK-080210-c

event type: error
time: Tue Feb 12 20:29:58 UTC+0200 2008
mounted cd-roms:
	M:	CAB81592	4281 MiB	WORK-080210-c

event type: error
time: Tue Feb 12 20:30:26 UTC+0200 2008
mounted cd-roms:
	M:	CAB81592	4281 MiB	WORK-080210-c

event type: error
time: Tue Feb 12 20:31:53 UTC+0200 2008
mounted cd-roms:
	M:	CAB81592	4281 MiB	WORK-080210-c

event type: error
time: Tue Feb 12 20:32:23 UTC+0200 2008
mounted cd-roms:
	M:	CAB81592	4281 MiB	WORK-080210-c

event type: error
time: Tue Feb 12 20:33:03 UTC+0200 2008
mounted cd-roms:
	M:	CAB81592	4281 MiB	WORK-080210-c

event type: error
time: Tue Feb 12 20:33:13 UTC+0200 2008
mounted cd-roms:
	M:	CAB81592	4281 MiB	WORK-080210-c

event type: error
time: Tue Feb 12 20:33:23 UTC+0200 2008
mounted cd-roms:
	M:	CAB81592	4281 MiB	WORK-080210-c

event type: error
time: Tue Feb 12 20:33:33 UTC+0200 2008
mounted cd-roms:
	M:	CAB81592	4281 MiB	WORK-080210-c

event type: error
time: Tue Feb 12 20:36:58 UTC+0200 2008
mounted cd-roms:
	N:	CAB81592	4281 MiB	WORK-080210-c

event type: error
time: Tue Feb 12 20:37:17 UTC+0200 2008
mounted cd-roms:
	N:	CAB81592	4281 MiB	WORK-080210-c

event type: error
time: Tue Feb 12 20:37:46 UTC+0200 2008
mounted cd-roms:
	N:	CAB81592	4281 MiB	WORK-080210-c

event type: error
time: Tue Feb 12 20:37:55 UTC+0200 2008
mounted cd-roms:
	N:	CAB81592	4281 MiB	WORK-080210-c

event type: error
time: Tue Feb 12 20:38:15 UTC+0200 2008
mounted cd-roms:
	N:	CAB81592	4281 MiB	WORK-080210-c

event type: error
time: Tue Feb 12 20:38:25 UTC+0200 2008
mounted cd-roms:
	N:	CAB81592	4281 MiB	WORK-080210-c

event type: error
time: Tue Feb 12 20:38:46 UTC+0200 2008
mounted cd-roms:
	N:	CAB81592	4281 MiB	WORK-080210-c

event type: error
time: Tue Feb 12 20:38:56 UTC+0200 2008
mounted cd-roms:
	N:	CAB81592	4281 MiB	WORK-080210-c

event type: error
time: Tue Feb 12 20:39:06 UTC+0200 2008
mounted cd-roms:
	N:	CAB81592	4281 MiB	WORK-080210-c

event type: error
time: Tue Feb 12 20:53:35 UTC+0200 2008
mounted cd-roms:
	M:	CAB81592	4281 MiB	WORK-080210-c

event type: warning
time: Mon Feb 25 16:13:20 UTC+0200 2008
mounted cd-roms:
	L:	DDAADF64	632 MiB	GRIM_DISC_B

event type: warning
time: Fri Feb 29 11:26:33 UTC+0200 2008
mounted cd-roms:
	L:	F6433A6C	612 MiB	HALO

event type: warning
time: Tue Mar 4 10:43:14 UTC+0200 2008
mounted cd-roms:
	M:	B90B939B	4437 MiB	zz-movies 3

event type: warning
time: Tue Mar 4 13:43:24 UTC+0200 2008
mounted cd-roms:
	L:	F6433A6C	612 MiB	HALO

event type: warning
time: Tue Mar 4 20:47:45 UTC+0200 2008
mounted cd-roms:
	L:	F6433A6C	612 MiB	HALO

event type: warning
time: Thu Mar 6 22:47:35 UTC+0200 2008
mounted cd-roms:

event type: warning
time: Wed Mar 12 18:29:38 UTC+0200 2008
mounted cd-roms:
	S:	F6433A6C	612 MiB	HALO

event type: error
time: Wed Mar 12 21:56:17 UTC+0200 2008
mounted cd-roms:
	M:	DE7833DB	3856 MiB	ef-gm-7
	S:	F6433A6C	612 MiB	HALO

event type: error
time: Wed Mar 12 22:30:03 UTC+0200 2008
mounted cd-roms:
	S:	F6433A6C	612 MiB	HALO

event type: error
time: Thu Mar 13 21:55:24 UTC+0200 2008
mounted cd-roms:
	M:	F16D8555	4427 MiB	downloads-080313
	S:	F6433A6C	612 MiB	HALO

event type: error
time: Thu Mar 13 21:55:33 UTC+0200 2008
mounted cd-roms:
	M:	F16D8555	4427 MiB	downloads-080313
	S:	F6433A6C	612 MiB	HALO

event type: error
time: Thu Mar 13 21:55:43 UTC+0200 2008
mounted cd-roms:
	M:	F16D8555	4427 MiB	downloads-080313
	S:	F6433A6C	612 MiB	HALO

event type: error
time: Thu Mar 13 21:58:08 UTC+0200 2008
mounted cd-roms:
	M:	F16D8555	4427 MiB	downloads-080313
	S:	F6433A6C	612 MiB	HALO

event type: error
time: Sat Mar 15 15:33:08 UTC+0200 2008
mounted cd-roms:
	M:	AB7D653B	4482 MiB	Disc
	S:	F6433A6C	612 MiB	HALO
	T:	3F9B5FEC	585 MiB	XR2PFRE_EN

event type: error
time: Tue Mar 18 15:06:36 UTC+0200 2008
mounted cd-roms:
	M:	159A169C	601 MiB	Amelie_2

event type: error
time: Thu Mar 20 16:59:35 UTC+0200 2008
mounted cd-roms:
	M:	B37CE633	4103 MiB	Disc

event type: error
time: Wed Jul 2 22:19:14 UTC+0300 2008
mounted cd-roms:
	M:	9473054E	2802 MiB	EF

event type: error
time: Thu Jul 3 11:36:49 UTC+0300 2008
mounted cd-roms:

event type: error
time: Thu Jul 3 11:36:59 UTC+0300 2008
mounted cd-roms:

event type: error
time: Thu Jul 3 11:37:34 UTC+0300 2008
mounted cd-roms:

event type: error
time: Thu Jul 3 11:37:44 UTC+0300 2008
mounted cd-roms:

event type: error
time: Thu Jul 3 11:38:14 UTC+0300 2008
mounted cd-roms:

event type: error
time: Thu Jul 3 11:38:24 UTC+0300 2008
mounted cd-roms:

event type: error
time: Thu Jul 3 11:38:34 UTC+0300 2008
mounted cd-roms:

event type: error
time: Thu Jul 3 11:38:44 UTC+0300 2008
mounted cd-roms:

event type: error
time: Thu Jul 3 11:47:54 UTC+0300 2008
mounted cd-roms:
	M:	D71B7FC3	1712 MiB	ef-mags-7

event type: error
time: Fri Jul 11 20:04:31 UTC+0300 2008
mounted cd-roms:
	M:	B37CE633	4103 MiB	Disc

event type: error
time: Sat Jul 12 22:25:11 UTC+0300 2008
mounted cd-roms:

event type: error
time: Sat Jul 12 23:15:21 UTC+0300 2008
mounted cd-roms:

event type: error
time: Sat Jul 12 23:16:46 UTC+0300 2008
mounted cd-roms:

event type: error
time: Sat Jul 12 23:20:02 UTC+0300 2008
mounted cd-roms:

event type: error
time: Sat Jul 12 23:22:23 UTC+0300 2008
mounted cd-roms:

event type: error
time: Sat Jul 12 23:37:56 UTC+0300 2008
mounted cd-roms:
	M:	FFEC43E2	703 MiB	CDS_TEST_A2

event type: error
time: Sun Jul 13 00:38:10 UTC+0300 2008
mounted cd-roms:
	M:	7F5ED832	656 MiB	CDS_TEST_A2

event type: warning
time: Sun Jul 13 01:13:00 UTC+0300 2008
mounted cd-roms:
	M:	FFCE5CBE	703 MiB	CDS_TEST_A2

event type: warning
time: Sun Jul 13 01:13:10 UTC+0300 2008
mounted cd-roms:
	M:	FFCE5CBE	703 MiB	CDS_TEST_A2

event type: warning
time: Sun Jul 13 01:13:20 UTC+0300 2008
mounted cd-roms:
	M:	FFCE5CBE	703 MiB	CDS_TEST_A2

event type: warning
time: Sun Jul 13 01:13:31 UTC+0300 2008
mounted cd-roms:
	M:	FFCE5CBE	703 MiB	CDS_TEST_A2

event type: warning
time: Sun Jul 13 01:13:40 UTC+0300 2008
mounted cd-roms:
	M:	FFCE5CBE	703 MiB	CDS_TEST_A2

event type: warning
time: Sun Jul 13 01:13:51 UTC+0300 2008
mounted cd-roms:
	M:	FFCE5CBE	703 MiB	CDS_TEST_A2

event type: warning
time: Sun Jul 13 01:52:34 UTC+0300 2008
mounted cd-roms:
	M:	FDCF49DF	703 MiB	CDS_TEST_A2

event type: warning
time: Sun Jul 13 01:52:47 UTC+0300 2008
mounted cd-roms:
	M:	FDCF49DF	703 MiB	CDS_TEST_A2

event type: warning
time: Sun Jul 13 01:52:54 UTC+0300 2008
mounted cd-roms:

event type: error
time: Fri Jul 18 18:45:40 UTC+0300 2008
mounted cd-roms:

event type: error
time: Fri Jul 18 18:45:59 UTC+0300 2008
mounted cd-roms:

event type: error
time: Fri Jul 18 18:46:09 UTC+0300 2008
mounted cd-roms:

event type: error
time: Fri Jul 18 18:46:29 UTC+0300 2008
mounted cd-roms:

event type: error
time: Fri Jul 18 18:46:49 UTC+0300 2008
mounted cd-roms:

event type: error
time: Fri Jul 18 18:47:09 UTC+0300 2008
mounted cd-roms:

event type: error
time: Fri Jul 18 18:47:40 UTC+0300 2008
mounted cd-roms:

event type: error
time: Fri Jul 18 18:47:50 UTC+0300 2008
mounted cd-roms:

event type: error
time: Fri Jul 18 18:48:00 UTC+0300 2008
mounted cd-roms:

event type: error
time: Fri Jul 18 18:50:28 UTC+0300 2008
mounted cd-roms:

event type: error
time: Fri Jul 18 18:50:57 UTC+0300 2008
mounted cd-roms:

event type: error
time: Fri Jul 18 18:51:07 UTC+0300 2008
mounted cd-roms:

event type: error
time: Fri Jul 18 18:52:30 UTC+0300 2008
mounted cd-roms:

event type: error
time: Fri Jul 18 18:53:00 UTC+0300 2008
mounted cd-roms:

event type: error
time: Fri Jul 18 18:53:10 UTC+0300 2008
mounted cd-roms:

event type: error
time: Fri Jul 18 18:53:20 UTC+0300 2008
mounted cd-roms:

event type: error
time: Fri Jul 18 18:57:01 UTC+0300 2008
mounted cd-roms:

event type: error
time: Fri Jul 18 18:57:32 UTC+0300 2008
mounted cd-roms:

event type: error
time: Fri Jul 18 18:57:42 UTC+0300 2008
mounted cd-roms:

event type: error
time: Fri Jul 18 18:58:02 UTC+0300 2008
mounted cd-roms:

event type: error
time: Fri Jul 18 18:58:12 UTC+0300 2008
mounted cd-roms:

event type: error
time: Fri Jul 18 18:58:23 UTC+0300 2008
mounted cd-roms:

event type: error
time: Fri Jul 18 18:58:32 UTC+0300 2008
mounted cd-roms:

event type: error
time: Fri Jul 18 18:59:03 UTC+0300 2008
mounted cd-roms:

event type: error
time: Fri Jul 18 18:59:12 UTC+0300 2008
mounted cd-roms:

event type: error
time: Fri Jul 18 18:59:23 UTC+0300 2008
mounted cd-roms:

event type: error
time: Sat Jul 19 01:07:53 UTC+0300 2008
mounted cd-roms:

event type: error
time: Sat Jul 19 01:09:42 UTC+0300 2008
mounted cd-roms:

event type: error
time: Sat Jul 19 01:24:14 UTC+0300 2008
mounted cd-roms:

event type: error
time: Sat Jul 19 01:48:54 UTC+0300 2008
mounted cd-roms:

event type: error
time: Sat Jul 19 02:06:27 UTC+0300 2008
mounted cd-roms:

event type: error
time: Sat Jul 19 02:23:27 UTC+0300 2008
mounted cd-roms:

event type: error
time: Sat Jul 19 02:26:19 UTC+0300 2008
mounted cd-roms:

event type: error
time: Sat Jul 19 02:27:59 UTC+0300 2008
mounted cd-roms:

event type: error
time: Sat Jul 19 14:30:25 UTC+0300 2008
mounted cd-roms:

event type: error
time: Sat Jul 19 14:48:16 UTC+0300 2008
mounted cd-roms:

event type: error
time: Sat Jul 19 16:40:01 UTC+0300 2008
mounted cd-roms:

event type: error
time: Sat Jul 19 17:25:28 UTC+0300 2008
mounted cd-roms:

event type: error
time: Sun Jul 20 23:47:27 UTC+0300 2008
mounted cd-roms:

event type: error
time: Sun Jul 20 23:57:49 UTC+0300 2008
mounted cd-roms:

event type: error
time: Sun Jul 20 23:58:49 UTC+0300 2008
mounted cd-roms:

event type: error
time: Sun Jul 20 23:59:19 UTC+0300 2008
mounted cd-roms:

event type: error
time: Sun Jul 20 23:59:49 UTC+0300 2008
mounted cd-roms:

event type: error
time: Mon Jul 21 00:08:00 UTC+0300 2008
mounted cd-roms:

event type: error
time: Tue Sep 9 11:36:41 UTC+0300 2008
mounted cd-roms:
	S:	C8725C3C	629 MiB	HALO

event type: error
time: Tue Sep 9 11:36:50 UTC+0300 2008
mounted cd-roms:
	S:	C8725C3C	629 MiB	HALO

event type: error
time: Tue Sep 9 11:36:59 UTC+0300 2008
mounted cd-roms:
	S:	C8725C3C	629 MiB	HALO

event type: error
time: Tue Sep 9 11:37:09 UTC+0300 2008
mounted cd-roms:
	S:	C8725C3C	629 MiB	HALO

event type: error
time: Tue Sep 9 11:37:19 UTC+0300 2008
mounted cd-roms:
	S:	C8725C3C	629 MiB	HALO

event type: warning
time: Tue Sep 9 15:23:19 UTC+0300 2008
mounted cd-roms:

event type: error
time: Sun Sep 14 23:58:12 UTC+0300 2008
mounted cd-roms:
	S:	C8725C3C	629 MiB	HALO

event type: error
time: Sun Sep 14 23:58:32 UTC+0300 2008
mounted cd-roms:
	S:	C8725C3C	629 MiB	HALO

event type: error
time: Thu Nov 6 17:47:26 UTC+0200 2008
mounted cd-roms:
	M:	BB56C7FF	4468 MiB	#0046, zzz

event type: error
time: Sat Nov 15 19:52:34 UTC+0200 2008
mounted cd-roms:
	M:	E4091420	4469 MiB	#0052, zzz

event type: error
time: Sat Nov 15 19:52:53 UTC+0200 2008
mounted cd-roms:
	M:	E4091420	4469 MiB	#0052, zzz

event type: error
time: Sat Nov 15 19:53:13 UTC+0200 2008
mounted cd-roms:

event type: warning
time: Sat Nov 15 19:53:15 UTC+0200 2008
mounted cd-roms:

event type: warning
time: Sat Nov 15 19:53:33 UTC+0200 2008
mounted cd-roms:

event type: warning
time: Sat Nov 15 19:53:53 UTC+0200 2008
mounted cd-roms:

event type: warning
time: Tue Dec 2 13:23:19 UTC+0200 2008
mounted cd-roms:
	S:	776021E1	441 MiB	980517_1247

event type: error
time: Fri Jan 30 15:14:42 UTC+0200 2009
mounted cd-roms:
	M:	EC3B13D8	4067 MiB	#0064, prg
	S:	ECB98D4A	642 MiB	MYST

event type: error
time: Fri Jan 30 15:26:11 UTC+0200 2009
mounted cd-roms:
	M:	F45C12DF	4068 MiB	#0064, PRG
	S:	ECB98D4A	642 MiB	MYST

event type: error
time: Tue Feb 10 23:36:30 UTC+0200 2009
mounted cd-roms:

event type: error
time: Tue Feb 10 23:36:39 UTC+0200 2009
mounted cd-roms:

event type: error
time: Tue Feb 10 23:36:49 UTC+0200 2009
mounted cd-roms:

event type: error
time: Tue Feb 10 23:36:59 UTC+0200 2009
mounted cd-roms:

event type: error
time: Tue Feb 10 23:37:09 UTC+0200 2009
mounted cd-roms:

event type: error
time: Tue Feb 10 23:37:19 UTC+0200 2009
mounted cd-roms:

event type: error
time: Tue Feb 10 23:38:02 UTC+0200 2009
mounted cd-roms:

event type: error
time: Tue Feb 10 23:39:04 UTC+0200 2009
mounted cd-roms:

event type: error
time: Tue Feb 10 23:40:57 UTC+0200 2009
mounted cd-roms:

event type: error
time: Tue Feb 10 23:41:07 UTC+0200 2009
mounted cd-roms:

event type: error
time: Tue Feb 10 23:41:17 UTC+0200 2009
mounted cd-roms:
	M:	3EB0DEBF	557 MiB	ATICD12-099

event type: error
time: Wed Feb 11 00:08:34 UTC+0200 2009
mounted cd-roms:

event type: error
time: Wed Feb 11 00:33:33 UTC+0200 2009
mounted cd-roms:

event type: error
time: Wed Feb 11 00:37:12 UTC+0200 2009
mounted cd-roms:

event type: error
time: Wed Feb 11 00:52:07 UTC+0200 2009
mounted cd-roms:

event type: error
time: Wed Feb 11 00:53:37 UTC+0200 2009
mounted cd-roms:

